<?xml version="1.0" encoding="UTF-8"?>
<!-- Generated by org.testng.reporters.JUnitReportReporter -->
<testsuite hostname="LMD1ZFJRL3" failures="0" tests="1" name="tests.DemoBlazeInvalidLoginTestUsingPageObjectModel" time="9.754" errors="0" timestamp="2025-06-16T16:37:33 IST" skipped="0">
  <testcase classname="tests.DemoBlazeInvalidLoginTestUsingPageObjectModel" name="demoBlazeLoginTest" time="9.754">
    <system-out>
      <![CDATA[Clicking on the locator:=By.id: login2
Setting the text:=Likhithesh in the locator:=By.id: loginusername
Setting the text:=Test1234 in the locator:=By.id: loginpassword
Clicking on the locator:=By.xpath: //button[text()='Log in']
Getting the text from Alert popup
Alert message is:=Wrong password.
Accepting the alert]]>
    </system-out>
  </testcase> <!-- demoBlazeLoginTest -->
  <system-out>
    <![CDATA[Clicking on the locator:=By.id: login2
Setting the text:=Likhithesh in the locator:=By.id: loginusername
Setting the text:=Test1234 in the locator:=By.id: loginpassword
Clicking on the locator:=By.xpath: //button[text()='Log in']
Getting the text from Alert popup
Alert message is:=Wrong password.
Accepting the alert]]>
  </system-out>
</testsuite> <!-- tests.DemoBlazeInvalidLoginTestUsingPageObjectModel -->
