<?xml version="1.0" encoding="UTF-8"?>
<!-- Generated by org.testng.reporters.JUnitReportReporter -->
<testsuite hostname="LMD1ZFJRL3" failures="0" tests="7" name="runners.FinalProjectRunner" time="72.074" errors="0" timestamp="2025-06-18T00:06:08 IST" skipped="0">
  <testcase classname="runners.FinalProjectRunner" name="runScenario" time="23.256">
    <system-out>
      <![CDATA[Clicking on the locator:=By.id: login2
Setting the text:=Likhithesh in the locator:=By.id: loginusername
Setting the text:=Test123 in the locator:=By.id: loginpassword
Clicking on the locator:=By.xpath: //button[text()='Log in']
Text of the element is:=Welcome Likhithesh
Clicking on the locator:=By.xpath: //a[text()='Laptops']
Clicking on the locator:=By.xpath: //a[text()='Sony vaio i5']
Getting the text from Alert popup
Alert message is:=Product added.
Accepting the alert
Clicking on the locator:=By.id: cartur]]>
    </system-out>
  </testcase> <!-- runScenario -->
  <testcase classname="runners.FinalProjectRunner" name="runScenario" time="8.435">
    <system-out>
      <![CDATA[Clicking on the locator:=By.id: signin2
Setting the text:=Likhi176259 in the locator:=By.id: sign-username
Setting the text:=1234 in the locator:=By.id: sign-password
Clicking on the locator:=By.xpath: //button[text()='Sign up']
Getting the text from Alert popup
Alert message is:=Sign up successful.
Accepting the alert]]>
    </system-out>
  </testcase> <!-- runScenario -->
  <testcase classname="runners.FinalProjectRunner" name="runScenario" time="6.471">
    <system-out>
      <![CDATA[Clicking on the locator:=By.id: login2
Setting the text:=Likhithesh in the locator:=By.id: loginusername
Setting the text:=1234 in the locator:=By.id: loginpassword
Clicking on the locator:=By.xpath: //button[text()='Log in']
Getting the text from Alert popup
Alert message is:=Wrong password.
Accepting the alert]]>
    </system-out>
  </testcase> <!-- runScenario -->
  <testcase classname="runners.FinalProjectRunner" name="runScenario" time="6.552">
    <system-out>
      <![CDATA[Clicking on the locator:=By.id: login2
Setting the text:=Likhithesh in the locator:=By.id: loginusername
Setting the text:=123 in the locator:=By.id: loginpassword
Clicking on the locator:=By.xpath: //button[text()='Log in']
Getting the text from Alert popup
Alert message is:=Wrong password.
Accepting the alert]]>
    </system-out>
  </testcase> <!-- runScenario -->
  <testcase classname="runners.FinalProjectRunner" name="runScenario" time="8.446">
    <system-out>
      <![CDATA[Clicking on the locator:=By.id: signin2
Setting the text:=Likhi176251 in the locator:=By.id: sign-username
Setting the text:=1234 in the locator:=By.id: sign-password
Clicking on the locator:=By.xpath: //button[text()='Sign up']
Getting the text from Alert popup
Alert message is:=This user already exist.
Accepting the alert]]>
    </system-out>
  </testcase> <!-- runScenario -->
  <testcase classname="runners.FinalProjectRunner" name="runScenario" time="12.313">
    <system-out>
      <![CDATA[Clicking on the locator:=By.id: login2
Setting the text:=Likhithesh in the locator:=By.id: loginusername
Setting the text:=Test123 in the locator:=By.id: loginpassword
Clicking on the locator:=By.xpath: //button[text()='Log in']
Text of the element is:=Welcome Likhithesh]]>
    </system-out>
  </testcase> <!-- runScenario -->
  <testcase classname="runners.FinalProjectRunner" name="runScenario" time="6.601">
    <system-out>
      <![CDATA[Clicking on the locator:=By.id: login2
Setting the text:=Likhi in the locator:=By.id: loginusername
Setting the text:=123 in the locator:=By.id: loginpassword
Clicking on the locator:=By.xpath: //button[text()='Log in']
Getting the text from Alert popup
Alert message is:=User does not exist.
Accepting the alert]]>
    </system-out>
  </testcase> <!-- runScenario -->
  <system-out>
    <![CDATA[Clicking on the locator:=By.id: login2
Setting the text:=Likhithesh in the locator:=By.id: loginusername
Setting the text:=Test123 in the locator:=By.id: loginpassword
Clicking on the locator:=By.xpath: //button[text()='Log in']
Text of the element is:=Welcome Likhithesh
Clicking on the locator:=By.xpath: //a[text()='Laptops']
Clicking on the locator:=By.xpath: //a[text()='Sony vaio i5']
Getting the text from Alert popup
Alert message is:=Product added.
Accepting the alert
Clicking on the locator:=By.id: cartur
Clicking on the locator:=By.id: login2
Setting the text:=Likhithesh in the locator:=By.id: loginusername
Setting the text:=Test123 in the locator:=By.id: loginpassword
Clicking on the locator:=By.xpath: //button[text()='Log in']
Text of the element is:=Welcome Likhithesh
Clicking on the locator:=By.id: login2
Setting the text:=Likhi in the locator:=By.id: loginusername
Setting the text:=123 in the locator:=By.id: loginpassword
Clicking on the locator:=By.xpath: //button[text()='Log in']
Getting the text from Alert popup
Alert message is:=User does not exist.
Accepting the alert
Clicking on the locator:=By.id: login2
Setting the text:=Likhithesh in the locator:=By.id: loginusername
Setting the text:=1234 in the locator:=By.id: loginpassword
Clicking on the locator:=By.xpath: //button[text()='Log in']
Getting the text from Alert popup
Alert message is:=Wrong password.
Accepting the alert
Clicking on the locator:=By.id: login2
Setting the text:=Likhithesh in the locator:=By.id: loginusername
Setting the text:=123 in the locator:=By.id: loginpassword
Clicking on the locator:=By.xpath: //button[text()='Log in']
Getting the text from Alert popup
Alert message is:=Wrong password.
Accepting the alert
Clicking on the locator:=By.id: signin2
Setting the text:=Likhi176259 in the locator:=By.id: sign-username
Setting the text:=1234 in the locator:=By.id: sign-password
Clicking on the locator:=By.xpath: //button[text()='Sign up']
Getting the text from Alert popup
Alert message is:=Sign up successful.
Accepting the alert
Clicking on the locator:=By.id: signin2
Setting the text:=Likhi176251 in the locator:=By.id: sign-username
Setting the text:=1234 in the locator:=By.id: sign-password
Clicking on the locator:=By.xpath: //button[text()='Sign up']
Getting the text from Alert popup
Alert message is:=This user already exist.
Accepting the alert]]>
  </system-out>
</testsuite> <!-- runners.FinalProjectRunner -->
